<?xml version="1.0" encoding="UTF-8"?>
<!-- Generated by org.testng.reporters.JUnitXMLReporter -->
<testsuite ignored="0" hostname="Nithin-Dell-Notebook" failures="0" tests="8" name="Default test" time="27.332" errors="0" timestamp="2021-10-17T08:23:17 IST">
  <testcase classname="com.cts.acemoney.testScript.TC_001" name="validateTitle" time="0.021"/>
  <testcase classname="com.cts.acemoney.testScript.TC_001" name="validateUrl" time="0.035"/>
  <testcase classname="com.cts.acemoney.testScript.TC_001" name="validateLoginPanelText" time="0.103"/>
  <testcase classname="com.cts.acemoney.testScript.TC_001" name="validateLogin" time="4.892"/>
  <testcase classname="com.cts.acemoney.testScript.TC_001" name="validateLogin" time="3.112"/>
  <testcase classname="com.cts.acemoney.testScript.TC_001" name="validateLogin" time="2.885"/>
  <testcase classname="com.cts.acemoney.testScript.TC_001" name="validateLogin" time="3.086"/>
  <testcase classname="com.cts.acemoney.testScript.TC_001" name="validateLogin" time="2.785"/>
</testsuite> <!-- Default test -->
