<?xml version="1.0" encoding="UTF-8"?>
<testng-results ignored="0" total="8" passed="8" failed="0" skipped="0">
  <reporter-output>
  </reporter-output>
  <suite started-at="2021-10-17T08:22:50 IST" name="Default suite" finished-at="2021-10-17T08:23:17 IST" duration-ms="27332">
    <groups>
    </groups>
    <test started-at="2021-10-17T08:22:50 IST" name="Default test" finished-at="2021-10-17T08:23:17 IST" duration-ms="27332">
      <class name="com.cts.acemoney.testScript.TC_001">
        <test-method is-config="true" signature="setUp()[pri:0, instance:com.cts.acemoney.testScript.TC_001@7d8995e]" started-at="2021-10-17T08:22:50 IST" name="setUp" finished-at="2021-10-17T08:22:58 IST" duration-ms="7965" status="PASS">
          <reporter-output>
          </reporter-output>
        </test-method> <!-- setUp -->
        <test-method signature="validateTitle()[pri:1, instance:com.cts.acemoney.testScript.TC_001@7d8995e]" started-at="2021-10-17T08:22:58 IST" name="validateTitle" finished-at="2021-10-17T08:22:58 IST" duration-ms="21" status="PASS">
          <reporter-output>
          </reporter-output>
        </test-method> <!-- validateTitle -->
        <test-method signature="validateUrl()[pri:2, instance:com.cts.acemoney.testScript.TC_001@7d8995e]" started-at="2021-10-17T08:22:58 IST" name="validateUrl" finished-at="2021-10-17T08:22:58 IST" duration-ms="35" status="PASS">
          <reporter-output>
          </reporter-output>
        </test-method> <!-- validateUrl -->
        <test-method signature="validateLoginPanelText()[pri:3, instance:com.cts.acemoney.testScript.TC_001@7d8995e]" started-at="2021-10-17T08:22:58 IST" name="validateLoginPanelText" finished-at="2021-10-17T08:22:58 IST" duration-ms="103" status="PASS">
          <reporter-output>
          </reporter-output>
        </test-method> <!-- validateLoginPanelText -->
        <test-method signature="validateLogin(java.lang.String,java.lang.String)[pri:4, instance:com.cts.acemoney.testScript.TC_001@7d8995e]" started-at="2021-10-17T08:23:00 IST" name="validateLogin" data-provider="s1" finished-at="2021-10-17T08:23:05 IST" duration-ms="4892" status="PASS">
          <params>
            <param index="0">
              <value>
                <![CDATA[Admin]]>
              </value>
            </param>
            <param index="1">
              <value>
                <![CDATA[admin123]]>
              </value>
            </param>
          </params>
          <reporter-output>
          </reporter-output>
        </test-method> <!-- validateLogin -->
        <test-method signature="validateLogin(java.lang.String,java.lang.String)[pri:4, instance:com.cts.acemoney.testScript.TC_001@7d8995e]" started-at="2021-10-17T08:23:05 IST" name="validateLogin" data-provider="s1" finished-at="2021-10-17T08:23:08 IST" duration-ms="3112" status="PASS">
          <params>
            <param index="0">
              <value>
                <![CDATA[Admin]]>
              </value>
            </param>
            <param index="1">
              <value>
                <![CDATA[admin123]]>
              </value>
            </param>
          </params>
          <reporter-output>
          </reporter-output>
        </test-method> <!-- validateLogin -->
        <test-method signature="validateLogin(java.lang.String,java.lang.String)[pri:4, instance:com.cts.acemoney.testScript.TC_001@7d8995e]" started-at="2021-10-17T08:23:08 IST" name="validateLogin" data-provider="s1" finished-at="2021-10-17T08:23:11 IST" duration-ms="2885" status="PASS">
          <params>
            <param index="0">
              <value>
                <![CDATA[Admin]]>
              </value>
            </param>
            <param index="1">
              <value>
                <![CDATA[admin123]]>
              </value>
            </param>
          </params>
          <reporter-output>
          </reporter-output>
        </test-method> <!-- validateLogin -->
        <test-method signature="validateLogin(java.lang.String,java.lang.String)[pri:4, instance:com.cts.acemoney.testScript.TC_001@7d8995e]" started-at="2021-10-17T08:23:11 IST" name="validateLogin" data-provider="s1" finished-at="2021-10-17T08:23:14 IST" duration-ms="3086" status="PASS">
          <params>
            <param index="0">
              <value>
                <![CDATA[Admin]]>
              </value>
            </param>
            <param index="1">
              <value>
                <![CDATA[admin123]]>
              </value>
            </param>
          </params>
          <reporter-output>
          </reporter-output>
        </test-method> <!-- validateLogin -->
        <test-method signature="validateLogin(java.lang.String,java.lang.String)[pri:4, instance:com.cts.acemoney.testScript.TC_001@7d8995e]" started-at="2021-10-17T08:23:14 IST" name="validateLogin" data-provider="s1" finished-at="2021-10-17T08:23:17 IST" duration-ms="2785" status="PASS">
          <params>
            <param index="0">
              <value>
                <![CDATA[Admin]]>
              </value>
            </param>
            <param index="1">
              <value>
                <![CDATA[admin123]]>
              </value>
            </param>
          </params>
          <reporter-output>
          </reporter-output>
        </test-method> <!-- validateLogin -->
        <test-method is-config="true" signature="tearDown()[pri:0, instance:com.cts.acemoney.testScript.TC_001@7d8995e]" started-at="2021-10-17T08:23:17 IST" name="tearDown" finished-at="2021-10-17T08:23:17 IST" duration-ms="378" status="PASS">
          <reporter-output>
          </reporter-output>
        </test-method> <!-- tearDown -->
      </class> <!-- com.cts.acemoney.testScript.TC_001 -->
    </test> <!-- Default test -->
  </suite> <!-- Default suite -->
</testng-results>
